     1                                  bits 32 
     2                                  global start
     3                                  
     4                                  
     5                                  extern exit 
     6                                  import exit msvcrt.dll  
     7                                  
     8                                  segment data use32 class=data
     9                                   
    10 00000000 11                          a db 11h
    11 00000001 2211                        b dw 1122h
    12 00000003 44332211                    c dd 11223344h
    13 00000007 8877665544332211            d dq 1122334455667788h
    14                                      
    15                                      
    16                                  segment code use32 class=code
    17                                  start: ;(d + d)- a - b - c
    18                                  
    19 00000000 A1[07000000]                mov eax, [d]
    20 00000005 8B15[0B000000]              mov edx, [d+4]  ;edx:eax = d
    21                                      
    22                                      
    23 0000000B 8B1D[07000000]              mov ebx, [d]
    24 00000011 8B0D[0B000000]              mov ecx, [d+4]  ;ecx:ebx = d
    25                                      
    26 00000017 01D8                        add eax,ebx
    27 00000019 11CA                        adc edx,ecx     ;edx:eax = d + d
    28                                      
    29 0000001B BB00000000                  mov ebx, 0
    30 00000020 8A1D[00000000]              mov bl, [a]     ;ebx = a 
    31 00000026 B900000000                  mov ecx, 0      ;ecx:ebx = a
    32                                      
    33 0000002B 29D8                        sub eax,ebx
    34 0000002D 19CA                        sbb edx,ecx     ;edx:eax = d + d - a
    35                                      
    36 0000002F BB00000000                  mov ebx, 0
    37 00000034 668B1D[01000000]            mov bx, [b]     ;ebx = b 
    38 0000003B B900000000                  mov ecx, 0      ;ecx:ebx = b
    39                                      
    40 00000040 29D8                        sub eax,ebx
    41 00000042 19CA                        sbb edx,ecx     ;edx:eax = d + d - a - b
    42                                      
    43 00000044 B900000000                  mov ecx, 0
    44 00000049 8B1D[03000000]              mov ebx, [c]      ;ecx:ebx = c
    45                                      
    46 0000004F 29D8                        sub eax,ebx
    47 00000051 19CA                        sbb edx,ecx     ;edx:eax = d + d - a - b - c
    48                                      
    49                                      
    50                                      
    51 00000053 6A00                        push dword 0 
    52 00000055 FF15[00000000]              call [exit] 
