     1                                  bits 32 
     2                                  global start
     3                                  
     4                                  
     5                                  ; declararea functiilor externe folosite de program
     6                                  extern exit, printf, scanf  ; adaugam printf si scanf ca functii externe           
     7                                  import exit msvcrt.dll    
     8                                  import printf msvcrt.dll     ; indicam asamblorului ca functia printf se gaseste in libraria msvcrt.dll
     9                                  import scanf msvcrt.dll      ; similar pentru scanf
    10                                   
    11                                  
    12                                  segment data use32 class=data
    13 00000000 00000000                    a dd 0
    14 00000004 00000000                    b dd 0
    15 00000008 0A000000                    k dd 10
    16 0000000C 256400                      format db "%d",0
    17 0000000F 28612B62292A6B3D25-         message db "(a+b)*k=%d",0
    17 00000018 6400               
    18                                  
    19                                      
    20                                  
    21                                  segment code use32 class=code
    22                                  start: 
    23                                      ;Two numbers a and b are given. Compute the expression value: (a+b)*k, 
    24                                      ;where k is a constant value defined in data segment. Display the expression value (in base 10).
    25                                      
    26                                      
    27 00000000 68[00000000]                push dword a                ; push the value where I put the read number
    28 00000005 68[0C000000]                push dword format           ; push its format
    29 0000000A FF15[00000000]              call [scanf]                ; read the number from keyboard
    30 00000010 83C408                      add ESP, 4*2                ; clear the stack
    31                                      
    32 00000013 68[04000000]                push dword b                ; push the value where I put the read number
    33 00000018 68[0C000000]                push dword format           ; push its format
    34 0000001D FF15[00000000]              call [scanf]                ; read the number from keyboard
    35 00000023 83C408                      add ESP, 4*2                ; clear the stack
    36                                      
    37 00000026 8B3D[00000000]              mov EDI, [a]                ; edi=a
    38 0000002C 033D[04000000]              add EDI, [b]                ;edi=a+b
    39 00000032 0FAF3D[08000000]            imul EDI, dword[k]          ; edi=(a+b)*k
    40                                      
    41 00000039 57                          push dword EDI              ; push the value to be printed
    42 0000003A 68[0F000000]                push dword message          ; push its format
    43 0000003F FF15[00000000]              call [printf]               ; print the message and the value of the expression
    44 00000045 83C408                      add ESP, 4*2                ;clear the stack
    45                                  
    46 00000048 6A00                        push dword 0 
    47 0000004A FF15[00000000]              call [exit] 
